Arguments: 
  /usr/local/bin/node /usr/local/Cellar/yarn/1.5.1_1/libexec/bin/yarn.js install

PATH: 
  /usr/local/bin:/usr/bin:/bin:/usr/sbin:/sbin:/usr/local/share/dotnet:/usr/local/git/bin:/usr/local/bin

Yarn version: 
  1.5.1

Node version: 
  8.9.3

Platform: 
  darwin x64

npm manifest: 
  {
    "name": "foundation-sites-template",
    "version": "1.0.0",
    "description": "Basic template for a new Foundation for Sites project.",
    "main": "gulpfile.js",
    "devDependencies": {
      "browser-sync": "^2.18.13",
      "gulp": "^3.9.1",
      "gulp-autoprefixer": "^3.1.0",
      "gulp-concat": "^2.6.1",
      "gulp-load-plugins": "^1.1.0",
      "gulp-sass": "^3.1.0",
      "gulp-uglify": "^3.0.0",
      "pump": "^1.0.2"
    },
    "scripts": {
      "start": "gulp",
      "build": "gulp sass"
    },
    "repository": {
      "type": "git",
      "url": "https://github.com/zurb/foundation-sites-template.git"
    },
    "bugs": {
      "url": "https://github.com/zurb/foundation-sites/issues",
      "email": "foundation@zurb.com"
    },
    "author": "ZURB <foundation@zurb.com>",
    "license": "MIT",
    "private": true,
    "dependencies": {
      "gulp-autoprefixer": "^3.1.0"
    }
  }

yarn manifest: 
  No manifest

Lockfile: 
  No lockfile

Trace: 
  Error: EACCES: permission denied, mkdir '/Users/joisak/Spinit/projects/safeitup/wordpress/safeitup/app/wp-content/themes/safeitup/pedal/node_modules/ansi-gray'
